2023-01-25 12:56:35,981 [main] INFO EmployeesRestAPI - *****************Started TC001_Get_List_of_User*********************
2023-01-25 12:56:41,725 [main] INFO EmployeesRestAPI - *****************Checking Content Encoding*********************
2023-01-25 12:56:41,729 [main] INFO EmployeesRestAPI - Content-Encoding is ==> gzip
2023-01-25 12:56:41,778 [main] INFO EmployeesRestAPI - *****************Checking Content Length*********************
2023-01-25 12:56:41,780 [main] INFO EmployeesRestAPI - Content-Length is ==> null
2023-01-25 12:56:41,794 [main] INFO EmployeesRestAPI - *****************Checking Content Type*********************
2023-01-25 12:56:41,795 [main] INFO EmployeesRestAPI - Content type is ==> application/json; charset=utf-8
2023-01-25 12:56:41,805 [main] INFO EmployeesRestAPI - *****************Checking Cookies*********************
2023-01-25 12:56:41,815 [main] INFO EmployeesRestAPI - *****************Checking Response Body*********************
2023-01-25 12:56:41,846 [main] INFO EmployeesRestAPI - Response Body==> {"page":2,"per_page":6,"total":12,"total_pages":2,"data":[{"id":7,"email":"michael.lawson@reqres.in","first_name":"Michael","last_name":"Lawson","avatar":"https://reqres.in/img/faces/7-image.jpg"},{"id":8,"email":"lindsay.ferguson@reqres.in","first_name":"Lindsay","last_name":"Ferguson","avatar":"https://reqres.in/img/faces/8-image.jpg"},{"id":9,"email":"tobias.funke@reqres.in","first_name":"Tobias","last_name":"Funke","avatar":"https://reqres.in/img/faces/9-image.jpg"},{"id":10,"email":"byron.fields@reqres.in","first_name":"Byron","last_name":"Fields","avatar":"https://reqres.in/img/faces/10-image.jpg"},{"id":11,"email":"george.edwards@reqres.in","first_name":"George","last_name":"Edwards","avatar":"https://reqres.in/img/faces/11-image.jpg"},{"id":12,"email":"rachel.howell@reqres.in","first_name":"Rachel","last_name":"Howell","avatar":"https://reqres.in/img/faces/12-image.jpg"}],"support":{"url":"https://reqres.in/#support-heading","text":"To keep ReqRes free, contributions towards server costs are appreciated!"}}
2023-01-25 12:56:41,862 [main] INFO EmployeesRestAPI - *****************Checking Response Time*********************
2023-01-25 12:56:41,865 [main] INFO EmployeesRestAPI - Response Time is==> 1441
2023-01-25 12:56:41,876 [main] INFO EmployeesRestAPI - *****************Checking Server Type*********************
2023-01-25 12:56:41,877 [main] INFO EmployeesRestAPI - Server Type is ==> cloudflare
2023-01-25 12:56:41,910 [main] INFO EmployeesRestAPI - *****************Checking Status Code*********************
2023-01-25 12:56:41,913 [main] INFO EmployeesRestAPI - Status Code==> 200
2023-01-25 12:56:41,931 [main] INFO EmployeesRestAPI - *****************Checking Status Line*********************
2023-01-25 12:56:41,932 [main] INFO EmployeesRestAPI - Status Line is==> HTTP/1.1 200 OK
2023-01-25 12:56:41,947 [main] INFO EmployeesRestAPI - *****************Finished TC001_Get_List_of_User*********************
2023-01-25 12:56:41,959 [main] INFO EmployeesRestAPI - *****************Started TC002_Post_User_Details*********************
2023-01-25 12:56:45,588 [main] INFO EmployeesRestAPI - *****************Checking Content Type*********************
2023-01-25 12:56:45,590 [main] INFO EmployeesRestAPI - Content type is ==> application/json; charset=utf-8
2023-01-25 12:56:45,597 [main] INFO EmployeesRestAPI - *****************Checking Response Time*********************
2023-01-25 12:56:45,597 [main] INFO EmployeesRestAPI - Response Time is==> 546
2023-01-25 12:56:45,599 [main] INFO EmployeesRestAPI - *****************Checking Server Type*********************
2023-01-25 12:56:45,602 [main] INFO EmployeesRestAPI - Server Type is ==> cloudflare
2023-01-25 12:56:45,607 [main] INFO EmployeesRestAPI - *****************Checking Status Code*********************
2023-01-25 12:56:45,607 [main] INFO EmployeesRestAPI - Status Code==> 201
2023-01-25 12:56:45,612 [main] INFO EmployeesRestAPI - *****************Checking Status Line*********************
2023-01-25 12:56:45,612 [main] INFO EmployeesRestAPI - Status Line is==> HTTP/1.1 201 Created
2023-01-25 12:56:45,620 [main] INFO EmployeesRestAPI - *****************Checking Success Code*********************
2023-01-25 12:56:49,060 [main] INFO EmployeesRestAPI - Success Code ==> Johnj
2023-01-25 12:56:49,540 [main] INFO EmployeesRestAPI - *****************Finished TC002_Post_User_Details*********************
2023-01-25 12:56:50,454 [main] INFO EmployeesRestAPI - *****************Started TC003_Get_Single_User_Details*********************
2023-01-25 12:56:55,160 [main] INFO EmployeesRestAPI - *****************Checking Content Encoding*********************
2023-01-25 12:56:55,161 [main] INFO EmployeesRestAPI - Content-Encoding is ==> gzip
2023-01-25 12:56:55,167 [main] INFO EmployeesRestAPI - *****************Checking Content Length*********************
2023-01-25 12:56:55,168 [main] INFO EmployeesRestAPI - Content-Length is ==> null
2023-01-25 12:56:55,175 [main] INFO EmployeesRestAPI - *****************Checking Content Type*********************
2023-01-25 12:56:55,175 [main] INFO EmployeesRestAPI - Content type is ==> application/json; charset=utf-8
2023-01-25 12:56:55,180 [main] INFO EmployeesRestAPI - *****************Checking Response Body*********************
2023-01-25 12:56:55,182 [main] INFO EmployeesRestAPI - Response Body==> {"data":{"id":2,"email":"janet.weaver@reqres.in","first_name":"Janet","last_name":"Weaver","avatar":"https://reqres.in/img/faces/2-image.jpg"},"support":{"url":"https://reqres.in/#support-heading","text":"To keep ReqRes free, contributions towards server costs are appreciated!"}}
2023-01-25 12:56:55,187 [main] INFO EmployeesRestAPI - *****************Checking Response Time*********************
2023-01-25 12:56:55,188 [main] INFO EmployeesRestAPI - Response Time is==> 911
2023-01-25 12:56:55,190 [main] INFO EmployeesRestAPI - *****************Checking Server Type*********************
2023-01-25 12:56:55,190 [main] INFO EmployeesRestAPI - Server Type is ==> cloudflare
2023-01-25 12:56:55,195 [main] INFO EmployeesRestAPI - *****************Checking Status Code*********************
2023-01-25 12:56:55,196 [main] INFO EmployeesRestAPI - Status Code==> 200
2023-01-25 12:56:55,199 [main] INFO EmployeesRestAPI - *****************Checking Status Line*********************
2023-01-25 12:56:55,202 [main] INFO EmployeesRestAPI - Status Line is==> HTTP/1.1 200 OK
2023-01-25 12:56:55,209 [main] INFO EmployeesRestAPI - *****************Finished TC003_Get_Single_User_Details*********************
2023-01-25 12:56:55,228 [main] INFO EmployeesRestAPI - *****************Started TC004_Update_User_Details*********************
2023-01-25 12:56:58,863 [main] INFO EmployeesRestAPI - *****************Checking Content Type*********************
2023-01-25 12:56:58,863 [main] INFO EmployeesRestAPI - Content type is ==> application/json; charset=utf-8
2023-01-25 12:56:58,867 [main] INFO EmployeesRestAPI - *****************Checking Response Time*********************
2023-01-25 12:56:58,867 [main] INFO EmployeesRestAPI - Response Time is==> 570
2023-01-25 12:56:58,876 [main] INFO EmployeesRestAPI - *****************Checking Server Type*********************
2023-01-25 12:56:58,876 [main] INFO EmployeesRestAPI - Server Type is ==> cloudflare
2023-01-25 12:56:58,878 [main] INFO EmployeesRestAPI - *****************Checking Status Code*********************
2023-01-25 12:56:58,878 [main] INFO EmployeesRestAPI - Status Code==> 200
2023-01-25 12:56:58,884 [main] INFO EmployeesRestAPI - *****************Checking Status Line*********************
2023-01-25 12:56:58,889 [main] INFO EmployeesRestAPI - Status Line is==> HTTP/1.1 200 OK
2023-01-25 12:56:58,910 [main] INFO EmployeesRestAPI - *****************Checking Success Code*********************
2023-01-25 12:56:59,020 [main] INFO EmployeesRestAPI - Success Code ==> JohnA
2023-01-25 12:56:59,042 [main] INFO EmployeesRestAPI - *****************Finished TC004_Update_User_Details*********************
2023-01-25 12:56:59,059 [main] INFO EmployeesRestAPI - *****************Started TC005_Delete_First_User*********************
2023-01-25 12:57:02,978 [main] INFO EmployeesRestAPI - *****************Checking Response Time*********************
2023-01-25 12:57:02,978 [main] INFO EmployeesRestAPI - Response Time is==> 423
2023-01-25 12:57:02,983 [main] INFO EmployeesRestAPI - *****************Checking Server Type*********************
2023-01-25 12:57:02,983 [main] INFO EmployeesRestAPI - Server Type is ==> cloudflare
2023-01-25 12:57:02,993 [main] INFO EmployeesRestAPI - *****************Checking Status Code*********************
2023-01-25 12:57:02,993 [main] INFO EmployeesRestAPI - Status Code==> 204
2023-01-25 12:57:03,006 [main] INFO EmployeesRestAPI - *****************Checking Status Line*********************
2023-01-25 12:57:03,007 [main] INFO EmployeesRestAPI - Status Line is==> HTTP/1.1 204 No Content
2023-01-25 12:57:03,010 [main] INFO EmployeesRestAPI - *****************Finished TC005_Delete_First_User*********************
2023-01-25 13:04:17,364 [main] INFO EmployeesRestAPI - *****************Started TC001_Get_List_of_User*********************
2023-01-25 13:04:23,904 [main] INFO EmployeesRestAPI - *****************Checking Content Encoding*********************
2023-01-25 13:04:23,907 [main] INFO EmployeesRestAPI - Content-Encoding is ==> gzip
2023-01-25 13:04:23,945 [main] INFO EmployeesRestAPI - *****************Checking Content Length*********************
2023-01-25 13:04:23,946 [main] INFO EmployeesRestAPI - Content-Length is ==> null
2023-01-25 13:04:23,947 [main] INFO EmployeesRestAPI - *****************Checking Content Type*********************
2023-01-25 13:04:23,948 [main] INFO EmployeesRestAPI - Content type is ==> application/json; charset=utf-8
2023-01-25 13:04:23,948 [main] INFO EmployeesRestAPI - *****************Checking Cookies*********************
2023-01-25 13:04:23,950 [main] INFO EmployeesRestAPI - *****************Checking Response Body*********************
2023-01-25 13:04:23,992 [main] INFO EmployeesRestAPI - Response Body==> {"page":2,"per_page":6,"total":12,"total_pages":2,"data":[{"id":7,"email":"michael.lawson@reqres.in","first_name":"Michael","last_name":"Lawson","avatar":"https://reqres.in/img/faces/7-image.jpg"},{"id":8,"email":"lindsay.ferguson@reqres.in","first_name":"Lindsay","last_name":"Ferguson","avatar":"https://reqres.in/img/faces/8-image.jpg"},{"id":9,"email":"tobias.funke@reqres.in","first_name":"Tobias","last_name":"Funke","avatar":"https://reqres.in/img/faces/9-image.jpg"},{"id":10,"email":"byron.fields@reqres.in","first_name":"Byron","last_name":"Fields","avatar":"https://reqres.in/img/faces/10-image.jpg"},{"id":11,"email":"george.edwards@reqres.in","first_name":"George","last_name":"Edwards","avatar":"https://reqres.in/img/faces/11-image.jpg"},{"id":12,"email":"rachel.howell@reqres.in","first_name":"Rachel","last_name":"Howell","avatar":"https://reqres.in/img/faces/12-image.jpg"}],"support":{"url":"https://reqres.in/#support-heading","text":"To keep ReqRes free, contributions towards server costs are appreciated!"}}
2023-01-25 13:04:23,996 [main] INFO EmployeesRestAPI - *****************Checking Response Time*********************
2023-01-25 13:04:23,998 [main] INFO EmployeesRestAPI - Response Time is==> 1939
2023-01-25 13:04:24,000 [main] INFO EmployeesRestAPI - *****************Checking Server Type*********************
2023-01-25 13:04:24,000 [main] INFO EmployeesRestAPI - Server Type is ==> cloudflare
2023-01-25 13:04:24,003 [main] INFO EmployeesRestAPI - *****************Checking Status Code*********************
2023-01-25 13:04:24,003 [main] INFO EmployeesRestAPI - Status Code==> 200
2023-01-25 13:04:24,017 [main] INFO EmployeesRestAPI - *****************Checking Status Line*********************
2023-01-25 13:04:24,018 [main] INFO EmployeesRestAPI - Status Line is==> HTTP/1.1 200 OK
2023-01-25 13:04:24,020 [main] INFO EmployeesRestAPI - *****************Finished TC001_Get_List_of_User*********************
2023-01-25 13:04:24,028 [main] INFO EmployeesRestAPI - *****************Started TC002_Post_User_Details*********************
2023-01-25 13:04:27,685 [main] INFO EmployeesRestAPI - *****************Checking Content Type*********************
2023-01-25 13:04:27,686 [main] INFO EmployeesRestAPI - Content type is ==> application/json; charset=utf-8
2023-01-25 13:04:27,689 [main] INFO EmployeesRestAPI - *****************Checking Response Time*********************
2023-01-25 13:04:27,695 [main] INFO EmployeesRestAPI - Response Time is==> 538
2023-01-25 13:04:27,700 [main] INFO EmployeesRestAPI - *****************Checking Server Type*********************
2023-01-25 13:04:27,702 [main] INFO EmployeesRestAPI - Server Type is ==> cloudflare
2023-01-25 13:04:27,709 [main] INFO EmployeesRestAPI - *****************Checking Status Code*********************
2023-01-25 13:04:27,710 [main] INFO EmployeesRestAPI - Status Code==> 201
2023-01-25 13:04:27,714 [main] INFO EmployeesRestAPI - *****************Checking Status Line*********************
2023-01-25 13:04:27,714 [main] INFO EmployeesRestAPI - Status Line is==> HTTP/1.1 201 Created
2023-01-25 13:04:27,717 [main] INFO EmployeesRestAPI - *****************Checking Success Code*********************
2023-01-25 13:04:28,920 [main] INFO EmployeesRestAPI - Success Code ==> Johnw
2023-01-25 13:04:28,945 [main] INFO EmployeesRestAPI - *****************Finished TC002_Post_User_Details*********************
2023-01-25 13:04:28,953 [main] INFO EmployeesRestAPI - *****************Started TC003_Get_Single_User_Details*********************
2023-01-25 13:04:32,278 [main] INFO EmployeesRestAPI - *****************Checking Content Encoding*********************
2023-01-25 13:04:32,279 [main] INFO EmployeesRestAPI - Content-Encoding is ==> gzip
2023-01-25 13:04:32,285 [main] INFO EmployeesRestAPI - *****************Checking Content Length*********************
2023-01-25 13:04:32,287 [main] INFO EmployeesRestAPI - Content-Length is ==> null
2023-01-25 13:04:32,299 [main] INFO EmployeesRestAPI - *****************Checking Content Type*********************
2023-01-25 13:04:32,303 [main] INFO EmployeesRestAPI - Content type is ==> application/json; charset=utf-8
2023-01-25 13:04:32,310 [main] INFO EmployeesRestAPI - *****************Checking Response Body*********************
2023-01-25 13:04:32,313 [main] INFO EmployeesRestAPI - Response Body==> {"data":{"id":2,"email":"janet.weaver@reqres.in","first_name":"Janet","last_name":"Weaver","avatar":"https://reqres.in/img/faces/2-image.jpg"},"support":{"url":"https://reqres.in/#support-heading","text":"To keep ReqRes free, contributions towards server costs are appreciated!"}}
2023-01-25 13:04:32,318 [main] INFO EmployeesRestAPI - *****************Checking Response Time*********************
2023-01-25 13:04:32,319 [main] INFO EmployeesRestAPI - Response Time is==> 297
2023-01-25 13:04:32,323 [main] INFO EmployeesRestAPI - *****************Checking Server Type*********************
2023-01-25 13:04:32,324 [main] INFO EmployeesRestAPI - Server Type is ==> cloudflare
2023-01-25 13:04:32,329 [main] INFO EmployeesRestAPI - *****************Checking Status Code*********************
2023-01-25 13:04:32,334 [main] INFO EmployeesRestAPI - Status Code==> 200
2023-01-25 13:04:32,337 [main] INFO EmployeesRestAPI - *****************Checking Status Line*********************
2023-01-25 13:04:32,338 [main] INFO EmployeesRestAPI - Status Line is==> HTTP/1.1 200 OK
2023-01-25 13:04:32,345 [main] INFO EmployeesRestAPI - *****************Finished TC003_Get_Single_User_Details*********************
2023-01-25 13:04:32,353 [main] INFO EmployeesRestAPI - *****************Started TC004_Update_User_Details*********************
2023-01-25 13:04:35,945 [main] INFO EmployeesRestAPI - *****************Checking Content Type*********************
2023-01-25 13:04:35,947 [main] INFO EmployeesRestAPI - Content type is ==> application/json; charset=utf-8
2023-01-25 13:04:35,955 [main] INFO EmployeesRestAPI - *****************Checking Response Time*********************
2023-01-25 13:04:35,956 [main] INFO EmployeesRestAPI - Response Time is==> 565
2023-01-25 13:04:35,966 [main] INFO EmployeesRestAPI - *****************Checking Server Type*********************
2023-01-25 13:04:35,966 [main] INFO EmployeesRestAPI - Server Type is ==> cloudflare
2023-01-25 13:04:35,969 [main] INFO EmployeesRestAPI - *****************Checking Status Code*********************
2023-01-25 13:04:35,971 [main] INFO EmployeesRestAPI - Status Code==> 200
2023-01-25 13:04:35,983 [main] INFO EmployeesRestAPI - *****************Checking Status Line*********************
2023-01-25 13:04:35,984 [main] INFO EmployeesRestAPI - Status Line is==> HTTP/1.1 200 OK
2023-01-25 13:04:35,988 [main] INFO EmployeesRestAPI - *****************Checking Success Code*********************
2023-01-25 13:04:36,007 [main] INFO EmployeesRestAPI - Success Code ==> Johnz
2023-01-25 13:04:36,023 [main] INFO EmployeesRestAPI - *****************Finished TC004_Update_User_Details*********************
2023-01-25 13:04:36,028 [main] INFO EmployeesRestAPI - *****************Started TC005_Delete_First_User*********************
2023-01-25 13:04:39,975 [main] INFO EmployeesRestAPI - *****************Checking Response Time*********************
2023-01-25 13:04:39,976 [main] INFO EmployeesRestAPI - Response Time is==> 484
2023-01-25 13:04:39,977 [main] INFO EmployeesRestAPI - *****************Checking Server Type*********************
2023-01-25 13:04:39,978 [main] INFO EmployeesRestAPI - Server Type is ==> cloudflare
2023-01-25 13:04:39,979 [main] INFO EmployeesRestAPI - *****************Checking Status Code*********************
2023-01-25 13:04:39,980 [main] INFO EmployeesRestAPI - Status Code==> 204
2023-01-25 13:04:39,983 [main] INFO EmployeesRestAPI - *****************Checking Status Line*********************
2023-01-25 13:04:39,985 [main] INFO EmployeesRestAPI - Status Line is==> HTTP/1.1 204 No Content
2023-01-25 13:04:39,989 [main] INFO EmployeesRestAPI - *****************Finished TC005_Delete_First_User*********************
2023-01-25 13:10:34,657 [main] INFO EmployeesRestAPI - *****************Started TC001_Get_List_of_User*********************
2023-01-25 13:10:40,220 [main] INFO EmployeesRestAPI - *****************Checking Content Encoding*********************
2023-01-25 13:10:40,222 [main] INFO EmployeesRestAPI - Content-Encoding is ==> gzip
2023-01-25 13:10:40,254 [main] INFO EmployeesRestAPI - *****************Checking Content Length*********************
2023-01-25 13:10:40,257 [main] INFO EmployeesRestAPI - Content-Length is ==> null
2023-01-25 13:10:40,260 [main] INFO EmployeesRestAPI - *****************Checking Content Type*********************
2023-01-25 13:10:40,261 [main] INFO EmployeesRestAPI - Content type is ==> application/json; charset=utf-8
2023-01-25 13:10:40,263 [main] INFO EmployeesRestAPI - *****************Checking Cookies*********************
2023-01-25 13:10:40,267 [main] INFO EmployeesRestAPI - *****************Checking Response Body*********************
2023-01-25 13:10:40,319 [main] INFO EmployeesRestAPI - Response Body==> {"page":2,"per_page":6,"total":12,"total_pages":2,"data":[{"id":7,"email":"michael.lawson@reqres.in","first_name":"Michael","last_name":"Lawson","avatar":"https://reqres.in/img/faces/7-image.jpg"},{"id":8,"email":"lindsay.ferguson@reqres.in","first_name":"Lindsay","last_name":"Ferguson","avatar":"https://reqres.in/img/faces/8-image.jpg"},{"id":9,"email":"tobias.funke@reqres.in","first_name":"Tobias","last_name":"Funke","avatar":"https://reqres.in/img/faces/9-image.jpg"},{"id":10,"email":"byron.fields@reqres.in","first_name":"Byron","last_name":"Fields","avatar":"https://reqres.in/img/faces/10-image.jpg"},{"id":11,"email":"george.edwards@reqres.in","first_name":"George","last_name":"Edwards","avatar":"https://reqres.in/img/faces/11-image.jpg"},{"id":12,"email":"rachel.howell@reqres.in","first_name":"Rachel","last_name":"Howell","avatar":"https://reqres.in/img/faces/12-image.jpg"}],"support":{"url":"https://reqres.in/#support-heading","text":"To keep ReqRes free, contributions towards server costs are appreciated!"}}
2023-01-25 13:10:40,328 [main] INFO EmployeesRestAPI - *****************Checking Response Time*********************
2023-01-25 13:10:40,328 [main] INFO EmployeesRestAPI - Response Time is==> 1182
2023-01-25 13:10:40,338 [main] INFO EmployeesRestAPI - *****************Checking Server Type*********************
2023-01-25 13:10:40,340 [main] INFO EmployeesRestAPI - Server Type is ==> cloudflare
2023-01-25 13:10:40,346 [main] INFO EmployeesRestAPI - *****************Checking Status Code*********************
2023-01-25 13:10:40,351 [main] INFO EmployeesRestAPI - Status Code==> 200
2023-01-25 13:10:40,354 [main] INFO EmployeesRestAPI - *****************Checking Status Line*********************
2023-01-25 13:10:40,355 [main] INFO EmployeesRestAPI - Status Line is==> HTTP/1.1 200 OK
2023-01-25 13:10:40,360 [main] INFO EmployeesRestAPI - *****************Finished TC001_Get_List_of_User*********************
2023-01-25 13:10:40,379 [main] INFO EmployeesRestAPI - *****************Started TC002_Post_User_Details*********************
2023-01-25 13:10:43,881 [main] INFO EmployeesRestAPI - *****************Checking Content Type*********************
2023-01-25 13:10:43,883 [main] INFO EmployeesRestAPI - Content type is ==> application/json; charset=utf-8
2023-01-25 13:10:43,888 [main] INFO EmployeesRestAPI - *****************Checking Response Time*********************
2023-01-25 13:10:43,890 [main] INFO EmployeesRestAPI - Response Time is==> 446
2023-01-25 13:10:43,897 [main] INFO EmployeesRestAPI - *****************Checking Server Type*********************
2023-01-25 13:10:43,899 [main] INFO EmployeesRestAPI - Server Type is ==> cloudflare
2023-01-25 13:10:43,906 [main] INFO EmployeesRestAPI - *****************Checking Status Code*********************
2023-01-25 13:10:43,907 [main] INFO EmployeesRestAPI - Status Code==> 201
2023-01-25 13:10:43,911 [main] INFO EmployeesRestAPI - *****************Checking Status Line*********************
2023-01-25 13:10:43,912 [main] INFO EmployeesRestAPI - Status Line is==> HTTP/1.1 201 Created
2023-01-25 13:10:43,922 [main] INFO EmployeesRestAPI - *****************Checking Success Code*********************
2023-01-25 13:10:44,752 [main] INFO EmployeesRestAPI - Success Code ==> Johnl
2023-01-25 13:10:44,770 [main] INFO EmployeesRestAPI - *****************Finished TC002_Post_User_Details*********************
2023-01-25 13:10:44,786 [main] INFO EmployeesRestAPI - *****************Started TC003_Get_Single_User_Details*********************
2023-01-25 13:10:48,038 [main] INFO EmployeesRestAPI - *****************Checking Content Encoding*********************
2023-01-25 13:10:48,038 [main] INFO EmployeesRestAPI - Content-Encoding is ==> gzip
2023-01-25 13:10:48,040 [main] INFO EmployeesRestAPI - *****************Checking Content Length*********************
2023-01-25 13:10:48,041 [main] INFO EmployeesRestAPI - Content-Length is ==> null
2023-01-25 13:10:48,044 [main] INFO EmployeesRestAPI - *****************Checking Content Type*********************
2023-01-25 13:10:48,045 [main] INFO EmployeesRestAPI - Content type is ==> application/json; charset=utf-8
2023-01-25 13:10:48,049 [main] INFO EmployeesRestAPI - *****************Checking Response Body*********************
2023-01-25 13:10:48,050 [main] INFO EmployeesRestAPI - Response Body==> {"data":{"id":2,"email":"janet.weaver@reqres.in","first_name":"Janet","last_name":"Weaver","avatar":"https://reqres.in/img/faces/2-image.jpg"},"support":{"url":"https://reqres.in/#support-heading","text":"To keep ReqRes free, contributions towards server costs are appreciated!"}}
2023-01-25 13:10:48,053 [main] INFO EmployeesRestAPI - *****************Checking Response Time*********************
2023-01-25 13:10:48,054 [main] INFO EmployeesRestAPI - Response Time is==> 240
2023-01-25 13:10:48,058 [main] INFO EmployeesRestAPI - *****************Checking Server Type*********************
2023-01-25 13:10:48,059 [main] INFO EmployeesRestAPI - Server Type is ==> cloudflare
2023-01-25 13:10:48,066 [main] INFO EmployeesRestAPI - *****************Checking Status Code*********************
2023-01-25 13:10:48,066 [main] INFO EmployeesRestAPI - Status Code==> 200
2023-01-25 13:10:48,073 [main] INFO EmployeesRestAPI - *****************Checking Status Line*********************
2023-01-25 13:10:48,074 [main] INFO EmployeesRestAPI - Status Line is==> HTTP/1.1 200 OK
2023-01-25 13:10:48,078 [main] INFO EmployeesRestAPI - *****************Finished TC003_Get_Single_User_Details*********************
2023-01-25 13:10:48,092 [main] INFO EmployeesRestAPI - *****************Started TC004_Update_User_Details*********************
2023-01-25 13:10:51,481 [main] INFO EmployeesRestAPI - *****************Checking Content Type*********************
2023-01-25 13:10:51,483 [main] INFO EmployeesRestAPI - Content type is ==> application/json; charset=utf-8
2023-01-25 13:10:51,485 [main] INFO EmployeesRestAPI - *****************Checking Response Time*********************
2023-01-25 13:10:51,485 [main] INFO EmployeesRestAPI - Response Time is==> 361
2023-01-25 13:10:51,487 [main] INFO EmployeesRestAPI - *****************Checking Server Type*********************
2023-01-25 13:10:51,487 [main] INFO EmployeesRestAPI - Server Type is ==> cloudflare
2023-01-25 13:10:51,488 [main] INFO EmployeesRestAPI - *****************Checking Status Code*********************
2023-01-25 13:10:51,490 [main] INFO EmployeesRestAPI - Status Code==> 200
2023-01-25 13:10:51,492 [main] INFO EmployeesRestAPI - *****************Checking Status Line*********************
2023-01-25 13:10:51,493 [main] INFO EmployeesRestAPI - Status Line is==> HTTP/1.1 200 OK
2023-01-25 13:10:51,495 [main] INFO EmployeesRestAPI - *****************Checking Success Code*********************
2023-01-25 13:10:51,525 [main] INFO EmployeesRestAPI - Success Code ==> Johnk
2023-01-25 13:10:51,546 [main] INFO EmployeesRestAPI - *****************Finished TC004_Update_User_Details*********************
2023-01-25 13:10:51,555 [main] INFO EmployeesRestAPI - *****************Started TC005_Delete_First_User*********************
2023-01-25 13:10:55,369 [main] INFO EmployeesRestAPI - *****************Checking Response Time*********************
2023-01-25 13:10:55,371 [main] INFO EmployeesRestAPI - Response Time is==> 446
2023-01-25 13:10:55,375 [main] INFO EmployeesRestAPI - *****************Checking Server Type*********************
2023-01-25 13:10:55,376 [main] INFO EmployeesRestAPI - Server Type is ==> cloudflare
2023-01-25 13:10:55,379 [main] INFO EmployeesRestAPI - *****************Checking Status Code*********************
2023-01-25 13:10:55,380 [main] INFO EmployeesRestAPI - Status Code==> 204
2023-01-25 13:10:55,385 [main] INFO EmployeesRestAPI - *****************Checking Status Line*********************
2023-01-25 13:10:55,386 [main] INFO EmployeesRestAPI - Status Line is==> HTTP/1.1 204 No Content
2023-01-25 13:10:55,390 [main] INFO EmployeesRestAPI - *****************Finished TC005_Delete_First_User*********************
2023-01-25 13:13:02,994 [main] INFO EmployeesRestAPI - *****************Started TC001_Get_List_of_User*********************
2023-01-25 13:13:10,614 [main] INFO EmployeesRestAPI - *****************Checking Content Encoding*********************
2023-01-25 13:13:10,617 [main] INFO EmployeesRestAPI - Content-Encoding is ==> gzip
2023-01-25 13:13:10,635 [main] INFO EmployeesRestAPI - *****************Checking Content Length*********************
2023-01-25 13:13:10,636 [main] INFO EmployeesRestAPI - Content-Length is ==> null
2023-01-25 13:13:10,639 [main] INFO EmployeesRestAPI - *****************Checking Content Type*********************
2023-01-25 13:13:10,640 [main] INFO EmployeesRestAPI - Content type is ==> application/json; charset=utf-8
2023-01-25 13:13:10,645 [main] INFO EmployeesRestAPI - *****************Checking Cookies*********************
2023-01-25 13:13:10,648 [main] INFO EmployeesRestAPI - *****************Checking Response Body*********************
2023-01-25 13:13:10,680 [main] INFO EmployeesRestAPI - Response Body==> {"page":2,"per_page":6,"total":12,"total_pages":2,"data":[{"id":7,"email":"michael.lawson@reqres.in","first_name":"Michael","last_name":"Lawson","avatar":"https://reqres.in/img/faces/7-image.jpg"},{"id":8,"email":"lindsay.ferguson@reqres.in","first_name":"Lindsay","last_name":"Ferguson","avatar":"https://reqres.in/img/faces/8-image.jpg"},{"id":9,"email":"tobias.funke@reqres.in","first_name":"Tobias","last_name":"Funke","avatar":"https://reqres.in/img/faces/9-image.jpg"},{"id":10,"email":"byron.fields@reqres.in","first_name":"Byron","last_name":"Fields","avatar":"https://reqres.in/img/faces/10-image.jpg"},{"id":11,"email":"george.edwards@reqres.in","first_name":"George","last_name":"Edwards","avatar":"https://reqres.in/img/faces/11-image.jpg"},{"id":12,"email":"rachel.howell@reqres.in","first_name":"Rachel","last_name":"Howell","avatar":"https://reqres.in/img/faces/12-image.jpg"}],"support":{"url":"https://reqres.in/#support-heading","text":"To keep ReqRes free, contributions towards server costs are appreciated!"}}
2023-01-25 13:13:10,687 [main] INFO EmployeesRestAPI - *****************Checking Response Time*********************
2023-01-25 13:13:10,688 [main] INFO EmployeesRestAPI - Response Time is==> 2243
2023-01-25 13:13:10,691 [main] INFO EmployeesRestAPI - *****************Checking Server Type*********************
2023-01-25 13:13:10,691 [main] INFO EmployeesRestAPI - Server Type is ==> cloudflare
2023-01-25 13:13:10,695 [main] INFO EmployeesRestAPI - *****************Checking Status Code*********************
2023-01-25 13:13:10,696 [main] INFO EmployeesRestAPI - Status Code==> 200
2023-01-25 13:13:10,697 [main] INFO EmployeesRestAPI - *****************Checking Status Line*********************
2023-01-25 13:13:10,698 [main] INFO EmployeesRestAPI - Status Line is==> HTTP/1.1 200 OK
2023-01-25 13:13:10,706 [main] INFO EmployeesRestAPI - *****************Finished TC001_Get_List_of_User*********************
2023-01-25 13:13:10,723 [main] INFO EmployeesRestAPI - *****************Started TC002_Post_User_Details*********************
2023-01-25 13:13:14,191 [main] INFO EmployeesRestAPI - *****************Checking Content Type*********************
2023-01-25 13:13:14,193 [main] INFO EmployeesRestAPI - Content type is ==> application/json; charset=utf-8
2023-01-25 13:13:14,198 [main] INFO EmployeesRestAPI - *****************Checking Response Time*********************
2023-01-25 13:13:14,200 [main] INFO EmployeesRestAPI - Response Time is==> 413
2023-01-25 13:13:14,206 [main] INFO EmployeesRestAPI - *****************Checking Server Type*********************
2023-01-25 13:13:14,207 [main] INFO EmployeesRestAPI - Server Type is ==> cloudflare
2023-01-25 13:13:14,209 [main] INFO EmployeesRestAPI - *****************Checking Status Code*********************
2023-01-25 13:13:14,210 [main] INFO EmployeesRestAPI - Status Code==> 201
2023-01-25 13:13:14,214 [main] INFO EmployeesRestAPI - *****************Checking Status Line*********************
2023-01-25 13:13:14,215 [main] INFO EmployeesRestAPI - Status Line is==> HTTP/1.1 201 Created
2023-01-25 13:13:14,218 [main] INFO EmployeesRestAPI - *****************Checking Success Code*********************
2023-01-25 13:13:14,772 [main] INFO EmployeesRestAPI - Success Code ==> Johnc
2023-01-25 13:13:14,786 [main] INFO EmployeesRestAPI - *****************Finished TC002_Post_User_Details*********************
2023-01-25 13:13:14,791 [main] INFO EmployeesRestAPI - *****************Started TC003_Get_Single_User_Details*********************
2023-01-25 13:13:17,947 [main] INFO EmployeesRestAPI - *****************Checking Content Encoding*********************
2023-01-25 13:13:17,947 [main] INFO EmployeesRestAPI - Content-Encoding is ==> gzip
2023-01-25 13:13:17,948 [main] INFO EmployeesRestAPI - *****************Checking Content Length*********************
2023-01-25 13:13:17,949 [main] INFO EmployeesRestAPI - Content-Length is ==> null
2023-01-25 13:13:17,951 [main] INFO EmployeesRestAPI - *****************Checking Content Type*********************
2023-01-25 13:13:17,951 [main] INFO EmployeesRestAPI - Content type is ==> application/json; charset=utf-8
2023-01-25 13:13:17,954 [main] INFO EmployeesRestAPI - *****************Checking Response Body*********************
2023-01-25 13:13:17,955 [main] INFO EmployeesRestAPI - Response Body==> {"data":{"id":2,"email":"janet.weaver@reqres.in","first_name":"Janet","last_name":"Weaver","avatar":"https://reqres.in/img/faces/2-image.jpg"},"support":{"url":"https://reqres.in/#support-heading","text":"To keep ReqRes free, contributions towards server costs are appreciated!"}}
2023-01-25 13:13:17,956 [main] INFO EmployeesRestAPI - *****************Checking Response Time*********************
2023-01-25 13:13:17,957 [main] INFO EmployeesRestAPI - Response Time is==> 140
2023-01-25 13:13:17,959 [main] INFO EmployeesRestAPI - *****************Checking Server Type*********************
2023-01-25 13:13:17,959 [main] INFO EmployeesRestAPI - Server Type is ==> cloudflare
2023-01-25 13:13:17,960 [main] INFO EmployeesRestAPI - *****************Checking Status Code*********************
2023-01-25 13:13:17,961 [main] INFO EmployeesRestAPI - Status Code==> 200
2023-01-25 13:13:17,963 [main] INFO EmployeesRestAPI - *****************Checking Status Line*********************
2023-01-25 13:13:17,964 [main] INFO EmployeesRestAPI - Status Line is==> HTTP/1.1 200 OK
2023-01-25 13:13:17,968 [main] INFO EmployeesRestAPI - *****************Finished TC003_Get_Single_User_Details*********************
2023-01-25 13:13:17,980 [main] INFO EmployeesRestAPI - *****************Started TC004_Update_User_Details*********************
2023-01-25 13:13:21,331 [main] INFO EmployeesRestAPI - *****************Checking Content Type*********************
2023-01-25 13:13:21,335 [main] INFO EmployeesRestAPI - Content type is ==> application/json; charset=utf-8
2023-01-25 13:13:21,340 [main] INFO EmployeesRestAPI - *****************Checking Response Time*********************
2023-01-25 13:13:21,343 [main] INFO EmployeesRestAPI - Response Time is==> 328
2023-01-25 13:13:21,348 [main] INFO EmployeesRestAPI - *****************Checking Server Type*********************
2023-01-25 13:13:21,349 [main] INFO EmployeesRestAPI - Server Type is ==> cloudflare
2023-01-25 13:13:21,354 [main] INFO EmployeesRestAPI - *****************Checking Status Code*********************
2023-01-25 13:13:21,355 [main] INFO EmployeesRestAPI - Status Code==> 200
2023-01-25 13:13:21,358 [main] INFO EmployeesRestAPI - *****************Checking Status Line*********************
2023-01-25 13:13:21,360 [main] INFO EmployeesRestAPI - Status Line is==> HTTP/1.1 200 OK
2023-01-25 13:13:21,361 [main] INFO EmployeesRestAPI - *****************Checking Success Code*********************
2023-01-25 13:13:21,388 [main] INFO EmployeesRestAPI - Success Code ==> JohnL
2023-01-25 13:13:21,421 [main] INFO EmployeesRestAPI - *****************Finished TC004_Update_User_Details*********************
2023-01-25 13:13:21,430 [main] INFO EmployeesRestAPI - *****************Started TC005_Delete_First_User*********************
2023-01-25 13:13:25,039 [main] INFO EmployeesRestAPI - *****************Checking Response Time*********************
2023-01-25 13:13:25,041 [main] INFO EmployeesRestAPI - Response Time is==> 332
2023-01-25 13:13:25,047 [main] INFO EmployeesRestAPI - *****************Checking Server Type*********************
2023-01-25 13:13:25,053 [main] INFO EmployeesRestAPI - Server Type is ==> cloudflare
2023-01-25 13:13:25,056 [main] INFO EmployeesRestAPI - *****************Checking Status Code*********************
2023-01-25 13:13:25,057 [main] INFO EmployeesRestAPI - Status Code==> 204
2023-01-25 13:13:25,059 [main] INFO EmployeesRestAPI - *****************Checking Status Line*********************
2023-01-25 13:13:25,060 [main] INFO EmployeesRestAPI - Status Line is==> HTTP/1.1 204 No Content
2023-01-25 13:13:25,066 [main] INFO EmployeesRestAPI - *****************Finished TC005_Delete_First_User*********************
2023-01-25 13:22:03,764 [main] INFO EmployeesRestAPI - *****************Started TC001_Get_List_of_User*********************
2023-01-25 13:22:13,601 [main] INFO EmployeesRestAPI - *****************Checking Content Encoding*********************
2023-01-25 13:22:13,603 [main] INFO EmployeesRestAPI - Content-Encoding is ==> gzip
2023-01-25 13:22:13,621 [main] INFO EmployeesRestAPI - *****************Checking Content Length*********************
2023-01-25 13:22:13,621 [main] INFO EmployeesRestAPI - Content-Length is ==> null
2023-01-25 13:22:13,629 [main] INFO EmployeesRestAPI - *****************Checking Content Type*********************
2023-01-25 13:22:13,630 [main] INFO EmployeesRestAPI - Content type is ==> application/json; charset=utf-8
2023-01-25 13:22:13,632 [main] INFO EmployeesRestAPI - *****************Checking Cookies*********************
2023-01-25 13:22:13,636 [main] INFO EmployeesRestAPI - *****************Checking Response Body*********************
2023-01-25 13:22:13,679 [main] INFO EmployeesRestAPI - Response Body==> {"page":2,"per_page":6,"total":12,"total_pages":2,"data":[{"id":7,"email":"michael.lawson@reqres.in","first_name":"Michael","last_name":"Lawson","avatar":"https://reqres.in/img/faces/7-image.jpg"},{"id":8,"email":"lindsay.ferguson@reqres.in","first_name":"Lindsay","last_name":"Ferguson","avatar":"https://reqres.in/img/faces/8-image.jpg"},{"id":9,"email":"tobias.funke@reqres.in","first_name":"Tobias","last_name":"Funke","avatar":"https://reqres.in/img/faces/9-image.jpg"},{"id":10,"email":"byron.fields@reqres.in","first_name":"Byron","last_name":"Fields","avatar":"https://reqres.in/img/faces/10-image.jpg"},{"id":11,"email":"george.edwards@reqres.in","first_name":"George","last_name":"Edwards","avatar":"https://reqres.in/img/faces/11-image.jpg"},{"id":12,"email":"rachel.howell@reqres.in","first_name":"Rachel","last_name":"Howell","avatar":"https://reqres.in/img/faces/12-image.jpg"}],"support":{"url":"https://reqres.in/#support-heading","text":"To keep ReqRes free, contributions towards server costs are appreciated!"}}
2023-01-25 13:22:13,681 [main] INFO EmployeesRestAPI - *****************Checking Response Time*********************
2023-01-25 13:22:13,682 [main] INFO EmployeesRestAPI - Response Time is==> 3605
2023-01-25 13:22:13,683 [main] WARN EmployeesRestAPI - Response Time is greater than 3000
2023-01-25 13:22:13,698 [main] INFO EmployeesRestAPI - *****************Checking Server Type*********************
2023-01-25 13:22:13,698 [main] INFO EmployeesRestAPI - Server Type is ==> cloudflare
2023-01-25 13:22:13,700 [main] INFO EmployeesRestAPI - *****************Checking Status Code*********************
2023-01-25 13:22:13,700 [main] INFO EmployeesRestAPI - Status Code==> 200
2023-01-25 13:22:13,702 [main] INFO EmployeesRestAPI - *****************Checking Status Line*********************
2023-01-25 13:22:13,713 [main] INFO EmployeesRestAPI - Status Line is==> HTTP/1.1 200 OK
2023-01-25 13:22:13,718 [main] INFO EmployeesRestAPI - *****************Finished TC001_Get_List_of_User*********************
2023-01-25 13:22:13,731 [main] INFO EmployeesRestAPI - *****************Started TC002_Post_User_Details*********************
2023-01-25 13:22:17,181 [main] INFO EmployeesRestAPI - *****************Checking Content Type*********************
2023-01-25 13:22:17,181 [main] INFO EmployeesRestAPI - Content type is ==> application/json; charset=utf-8
2023-01-25 13:22:17,182 [main] INFO EmployeesRestAPI - *****************Checking Response Time*********************
2023-01-25 13:22:17,183 [main] INFO EmployeesRestAPI - Response Time is==> 414
2023-01-25 13:22:17,185 [main] INFO EmployeesRestAPI - *****************Checking Server Type*********************
2023-01-25 13:22:17,186 [main] INFO EmployeesRestAPI - Server Type is ==> cloudflare
2023-01-25 13:22:17,188 [main] INFO EmployeesRestAPI - *****************Checking Status Code*********************
2023-01-25 13:22:17,197 [main] INFO EmployeesRestAPI - Status Code==> 201
2023-01-25 13:22:17,200 [main] INFO EmployeesRestAPI - *****************Checking Status Line*********************
2023-01-25 13:22:17,200 [main] INFO EmployeesRestAPI - Status Line is==> HTTP/1.1 201 Created
2023-01-25 13:22:17,202 [main] INFO EmployeesRestAPI - *****************Checking Success Code*********************
2023-01-25 13:22:18,671 [main] INFO EmployeesRestAPI - Success Code ==> Johnj
2023-01-25 13:22:18,716 [main] INFO EmployeesRestAPI - *****************Finished TC002_Post_User_Details*********************
2023-01-25 13:22:18,728 [main] INFO EmployeesRestAPI - *****************Started TC003_Get_Single_User_Details*********************
2023-01-25 13:22:21,948 [main] INFO EmployeesRestAPI - *****************Checking Content Encoding*********************
2023-01-25 13:22:21,950 [main] INFO EmployeesRestAPI - Content-Encoding is ==> gzip
2023-01-25 13:22:21,960 [main] INFO EmployeesRestAPI - *****************Checking Content Length*********************
2023-01-25 13:22:21,961 [main] INFO EmployeesRestAPI - Content-Length is ==> null
2023-01-25 13:22:21,968 [main] INFO EmployeesRestAPI - *****************Checking Content Type*********************
2023-01-25 13:22:21,970 [main] INFO EmployeesRestAPI - Content type is ==> application/json; charset=utf-8
2023-01-25 13:22:21,972 [main] INFO EmployeesRestAPI - *****************Checking Response Body*********************
2023-01-25 13:22:21,978 [main] INFO EmployeesRestAPI - Response Body==> {"data":{"id":2,"email":"janet.weaver@reqres.in","first_name":"Janet","last_name":"Weaver","avatar":"https://reqres.in/img/faces/2-image.jpg"},"support":{"url":"https://reqres.in/#support-heading","text":"To keep ReqRes free, contributions towards server costs are appreciated!"}}
2023-01-25 13:22:21,982 [main] INFO EmployeesRestAPI - *****************Checking Response Time*********************
2023-01-25 13:22:21,982 [main] INFO EmployeesRestAPI - Response Time is==> 183
2023-01-25 13:22:21,986 [main] INFO EmployeesRestAPI - *****************Checking Server Type*********************
2023-01-25 13:22:21,987 [main] INFO EmployeesRestAPI - Server Type is ==> cloudflare
2023-01-25 13:22:21,989 [main] INFO EmployeesRestAPI - *****************Checking Status Code*********************
2023-01-25 13:22:21,992 [main] INFO EmployeesRestAPI - Status Code==> 200
2023-01-25 13:22:21,999 [main] INFO EmployeesRestAPI - *****************Checking Status Line*********************
2023-01-25 13:22:21,999 [main] INFO EmployeesRestAPI - Status Line is==> HTTP/1.1 200 OK
2023-01-25 13:22:22,002 [main] INFO EmployeesRestAPI - *****************Finished TC003_Get_Single_User_Details*********************
2023-01-25 13:22:22,017 [main] INFO EmployeesRestAPI - *****************Started TC004_Update_User_Details*********************
2023-01-25 13:22:25,369 [main] INFO EmployeesRestAPI - *****************Checking Content Type*********************
2023-01-25 13:22:25,370 [main] INFO EmployeesRestAPI - Content type is ==> application/json; charset=utf-8
2023-01-25 13:22:25,376 [main] INFO EmployeesRestAPI - *****************Checking Response Time*********************
2023-01-25 13:22:25,379 [main] INFO EmployeesRestAPI - Response Time is==> 333
2023-01-25 13:22:25,382 [main] INFO EmployeesRestAPI - *****************Checking Server Type*********************
2023-01-25 13:22:25,382 [main] INFO EmployeesRestAPI - Server Type is ==> cloudflare
2023-01-25 13:22:25,385 [main] INFO EmployeesRestAPI - *****************Checking Status Code*********************
2023-01-25 13:22:25,386 [main] INFO EmployeesRestAPI - Status Code==> 200
2023-01-25 13:22:25,388 [main] INFO EmployeesRestAPI - *****************Checking Status Line*********************
2023-01-25 13:22:25,389 [main] INFO EmployeesRestAPI - Status Line is==> HTTP/1.1 200 OK
2023-01-25 13:22:25,394 [main] INFO EmployeesRestAPI - *****************Checking Success Code*********************
2023-01-25 13:22:25,411 [main] INFO EmployeesRestAPI - Success Code ==> JohnJ
2023-01-25 13:22:25,426 [main] INFO EmployeesRestAPI - *****************Finished TC004_Update_User_Details*********************
2023-01-25 13:22:25,431 [main] INFO EmployeesRestAPI - *****************Started TC005_Delete_First_User*********************
2023-01-25 13:22:29,047 [main] INFO EmployeesRestAPI - *****************Checking Response Time*********************
2023-01-25 13:22:29,048 [main] INFO EmployeesRestAPI - Response Time is==> 336
2023-01-25 13:22:29,051 [main] INFO EmployeesRestAPI - *****************Checking Server Type*********************
2023-01-25 13:22:29,051 [main] INFO EmployeesRestAPI - Server Type is ==> cloudflare
2023-01-25 13:22:29,054 [main] INFO EmployeesRestAPI - *****************Checking Status Code*********************
2023-01-25 13:22:29,055 [main] INFO EmployeesRestAPI - Status Code==> 204
2023-01-25 13:22:29,057 [main] INFO EmployeesRestAPI - *****************Checking Status Line*********************
2023-01-25 13:22:29,058 [main] INFO EmployeesRestAPI - Status Line is==> HTTP/1.1 204 No Content
2023-01-25 13:22:29,061 [main] INFO EmployeesRestAPI - *****************Finished TC005_Delete_First_User*********************
2023-01-25 13:24:10,129 [main] INFO EmployeesRestAPI - *****************Started TC001_Get_List_of_User*********************
2023-01-25 13:24:17,503 [main] INFO EmployeesRestAPI - *****************Checking Content Encoding*********************
2023-01-25 13:24:17,507 [main] INFO EmployeesRestAPI - Content-Encoding is ==> gzip
2023-01-25 13:24:17,532 [main] INFO EmployeesRestAPI - *****************Checking Content Length*********************
2023-01-25 13:24:17,533 [main] INFO EmployeesRestAPI - Content-Length is ==> null
2023-01-25 13:24:17,536 [main] INFO EmployeesRestAPI - *****************Checking Content Type*********************
2023-01-25 13:24:17,543 [main] INFO EmployeesRestAPI - Content type is ==> application/json; charset=utf-8
2023-01-25 13:24:17,547 [main] INFO EmployeesRestAPI - *****************Checking Cookies*********************
2023-01-25 13:24:17,549 [main] INFO EmployeesRestAPI - *****************Checking Response Body*********************
2023-01-25 13:24:17,603 [main] INFO EmployeesRestAPI - Response Body==> {"page":2,"per_page":6,"total":12,"total_pages":2,"data":[{"id":7,"email":"michael.lawson@reqres.in","first_name":"Michael","last_name":"Lawson","avatar":"https://reqres.in/img/faces/7-image.jpg"},{"id":8,"email":"lindsay.ferguson@reqres.in","first_name":"Lindsay","last_name":"Ferguson","avatar":"https://reqres.in/img/faces/8-image.jpg"},{"id":9,"email":"tobias.funke@reqres.in","first_name":"Tobias","last_name":"Funke","avatar":"https://reqres.in/img/faces/9-image.jpg"},{"id":10,"email":"byron.fields@reqres.in","first_name":"Byron","last_name":"Fields","avatar":"https://reqres.in/img/faces/10-image.jpg"},{"id":11,"email":"george.edwards@reqres.in","first_name":"George","last_name":"Edwards","avatar":"https://reqres.in/img/faces/11-image.jpg"},{"id":12,"email":"rachel.howell@reqres.in","first_name":"Rachel","last_name":"Howell","avatar":"https://reqres.in/img/faces/12-image.jpg"}],"support":{"url":"https://reqres.in/#support-heading","text":"To keep ReqRes free, contributions towards server costs are appreciated!"}}
2023-01-25 13:24:17,606 [main] INFO EmployeesRestAPI - *****************Checking Response Time*********************
2023-01-25 13:24:17,607 [main] INFO EmployeesRestAPI - Response Time is==> 2350
2023-01-25 13:24:17,613 [main] INFO EmployeesRestAPI - *****************Checking Server Type*********************
2023-01-25 13:24:17,614 [main] INFO EmployeesRestAPI - Server Type is ==> cloudflare
2023-01-25 13:24:17,618 [main] INFO EmployeesRestAPI - *****************Checking Status Code*********************
2023-01-25 13:24:17,618 [main] INFO EmployeesRestAPI - Status Code==> 200
2023-01-25 13:24:17,621 [main] INFO EmployeesRestAPI - *****************Checking Status Line*********************
2023-01-25 13:24:17,622 [main] INFO EmployeesRestAPI - Status Line is==> HTTP/1.1 200 OK
2023-01-25 13:24:17,624 [main] INFO EmployeesRestAPI - *****************Finished TC001_Get_List_of_User*********************
2023-01-25 13:24:17,641 [main] INFO EmployeesRestAPI - *****************Started TC002_Post_User_Details*********************
2023-01-25 13:24:21,094 [main] INFO EmployeesRestAPI - *****************Checking Content Type*********************
2023-01-25 13:24:21,096 [main] INFO EmployeesRestAPI - Content type is ==> application/json; charset=utf-8
2023-01-25 13:24:21,100 [main] INFO EmployeesRestAPI - *****************Checking Response Time*********************
2023-01-25 13:24:21,101 [main] INFO EmployeesRestAPI - Response Time is==> 422
2023-01-25 13:24:21,102 [main] INFO EmployeesRestAPI - *****************Checking Server Type*********************
2023-01-25 13:24:21,103 [main] INFO EmployeesRestAPI - Server Type is ==> cloudflare
2023-01-25 13:24:21,106 [main] INFO EmployeesRestAPI - *****************Checking Status Code*********************
2023-01-25 13:24:21,107 [main] INFO EmployeesRestAPI - Status Code==> 201
2023-01-25 13:24:21,112 [main] INFO EmployeesRestAPI - *****************Checking Status Line*********************
2023-01-25 13:24:21,113 [main] INFO EmployeesRestAPI - Status Line is==> HTTP/1.1 201 Created
2023-01-25 13:24:21,115 [main] INFO EmployeesRestAPI - *****************Checking Success Code*********************
2023-01-25 13:24:22,005 [main] INFO EmployeesRestAPI - Success Code ==> Johnw
2023-01-25 13:24:22,071 [main] INFO EmployeesRestAPI - *****************Finished TC002_Post_User_Details*********************
2023-01-25 13:24:22,101 [main] INFO EmployeesRestAPI - *****************Started TC003_Get_Single_User_Details*********************
2023-01-25 13:24:25,297 [main] INFO EmployeesRestAPI - *****************Checking Content Encoding*********************
2023-01-25 13:24:25,297 [main] INFO EmployeesRestAPI - Content-Encoding is ==> gzip
2023-01-25 13:24:25,300 [main] INFO EmployeesRestAPI - *****************Checking Content Length*********************
2023-01-25 13:24:25,301 [main] INFO EmployeesRestAPI - Content-Length is ==> null
2023-01-25 13:24:25,302 [main] INFO EmployeesRestAPI - *****************Checking Content Type*********************
2023-01-25 13:24:25,303 [main] INFO EmployeesRestAPI - Content type is ==> application/json; charset=utf-8
2023-01-25 13:24:25,305 [main] INFO EmployeesRestAPI - *****************Checking Response Body*********************
2023-01-25 13:24:25,306 [main] INFO EmployeesRestAPI - Response Body==> {"data":{"id":2,"email":"janet.weaver@reqres.in","first_name":"Janet","last_name":"Weaver","avatar":"https://reqres.in/img/faces/2-image.jpg"},"support":{"url":"https://reqres.in/#support-heading","text":"To keep ReqRes free, contributions towards server costs are appreciated!"}}
2023-01-25 13:24:25,310 [main] INFO EmployeesRestAPI - *****************Checking Response Time*********************
2023-01-25 13:24:25,310 [main] INFO EmployeesRestAPI - Response Time is==> 174
2023-01-25 13:24:25,313 [main] INFO EmployeesRestAPI - *****************Checking Server Type*********************
2023-01-25 13:24:25,314 [main] INFO EmployeesRestAPI - Server Type is ==> cloudflare
2023-01-25 13:24:25,317 [main] INFO EmployeesRestAPI - *****************Checking Status Code*********************
2023-01-25 13:24:25,318 [main] INFO EmployeesRestAPI - Status Code==> 200
2023-01-25 13:24:25,319 [main] INFO EmployeesRestAPI - *****************Checking Status Line*********************
2023-01-25 13:24:25,319 [main] INFO EmployeesRestAPI - Status Line is==> HTTP/1.1 200 OK
2023-01-25 13:24:25,321 [main] INFO EmployeesRestAPI - *****************Finished TC003_Get_Single_User_Details*********************
2023-01-25 13:24:25,332 [main] INFO EmployeesRestAPI - *****************Started TC004_Update_User_Details*********************
2023-01-25 13:24:28,682 [main] INFO EmployeesRestAPI - *****************Checking Content Type*********************
2023-01-25 13:24:28,684 [main] INFO EmployeesRestAPI - Content type is ==> application/json; charset=utf-8
2023-01-25 13:24:28,688 [main] INFO EmployeesRestAPI - *****************Checking Response Time*********************
2023-01-25 13:24:28,690 [main] INFO EmployeesRestAPI - Response Time is==> 324
2023-01-25 13:24:28,700 [main] INFO EmployeesRestAPI - *****************Checking Server Type*********************
2023-01-25 13:24:28,701 [main] INFO EmployeesRestAPI - Server Type is ==> cloudflare
2023-01-25 13:24:28,706 [main] INFO EmployeesRestAPI - *****************Checking Status Code*********************
2023-01-25 13:24:28,707 [main] INFO EmployeesRestAPI - Status Code==> 200
2023-01-25 13:24:28,713 [main] INFO EmployeesRestAPI - *****************Checking Status Line*********************
2023-01-25 13:24:28,714 [main] INFO EmployeesRestAPI - Status Line is==> HTTP/1.1 200 OK
2023-01-25 13:24:28,717 [main] INFO EmployeesRestAPI - *****************Checking Success Code*********************
2023-01-25 13:24:28,731 [main] INFO EmployeesRestAPI - Success Code ==> Johna
2023-01-25 13:24:28,750 [main] INFO EmployeesRestAPI - *****************Finished TC004_Update_User_Details*********************
2023-01-25 13:24:28,764 [main] INFO EmployeesRestAPI - *****************Started TC005_Delete_First_User*********************
2023-01-25 13:24:32,397 [main] INFO EmployeesRestAPI - *****************Checking Response Time*********************
2023-01-25 13:24:32,399 [main] INFO EmployeesRestAPI - Response Time is==> 319
2023-01-25 13:24:32,401 [main] INFO EmployeesRestAPI - *****************Checking Server Type*********************
2023-01-25 13:24:32,403 [main] INFO EmployeesRestAPI - Server Type is ==> cloudflare
2023-01-25 13:24:32,407 [main] INFO EmployeesRestAPI - *****************Checking Status Code*********************
2023-01-25 13:24:32,408 [main] INFO EmployeesRestAPI - Status Code==> 204
2023-01-25 13:24:32,414 [main] INFO EmployeesRestAPI - *****************Checking Status Line*********************
2023-01-25 13:24:32,414 [main] INFO EmployeesRestAPI - Status Line is==> HTTP/1.1 204 No Content
2023-01-25 13:24:32,416 [main] INFO EmployeesRestAPI - *****************Finished TC005_Delete_First_User*********************
2023-01-25 13:29:02,923 [main] INFO EmployeesRestAPI - *****************Started TC001_Get_List_of_User*********************
2023-01-25 13:29:08,724 [main] INFO EmployeesRestAPI - *****************Checking Content Encoding*********************
2023-01-25 13:29:08,727 [main] INFO EmployeesRestAPI - Content-Encoding is ==> gzip
2023-01-25 13:29:08,742 [main] INFO EmployeesRestAPI - *****************Checking Content Length*********************
2023-01-25 13:29:08,743 [main] INFO EmployeesRestAPI - Content-Length is ==> null
2023-01-25 13:29:08,746 [main] INFO EmployeesRestAPI - *****************Checking Content Type*********************
2023-01-25 13:29:08,747 [main] INFO EmployeesRestAPI - Content type is ==> application/json; charset=utf-8
2023-01-25 13:29:08,750 [main] INFO EmployeesRestAPI - *****************Checking Cookies*********************
2023-01-25 13:29:08,757 [main] INFO EmployeesRestAPI - *****************Checking Response Body*********************
2023-01-25 13:29:08,792 [main] INFO EmployeesRestAPI - Response Body==> {"page":2,"per_page":6,"total":12,"total_pages":2,"data":[{"id":7,"email":"michael.lawson@reqres.in","first_name":"Michael","last_name":"Lawson","avatar":"https://reqres.in/img/faces/7-image.jpg"},{"id":8,"email":"lindsay.ferguson@reqres.in","first_name":"Lindsay","last_name":"Ferguson","avatar":"https://reqres.in/img/faces/8-image.jpg"},{"id":9,"email":"tobias.funke@reqres.in","first_name":"Tobias","last_name":"Funke","avatar":"https://reqres.in/img/faces/9-image.jpg"},{"id":10,"email":"byron.fields@reqres.in","first_name":"Byron","last_name":"Fields","avatar":"https://reqres.in/img/faces/10-image.jpg"},{"id":11,"email":"george.edwards@reqres.in","first_name":"George","last_name":"Edwards","avatar":"https://reqres.in/img/faces/11-image.jpg"},{"id":12,"email":"rachel.howell@reqres.in","first_name":"Rachel","last_name":"Howell","avatar":"https://reqres.in/img/faces/12-image.jpg"}],"support":{"url":"https://reqres.in/#support-heading","text":"To keep ReqRes free, contributions towards server costs are appreciated!"}}
2023-01-25 13:29:08,794 [main] INFO EmployeesRestAPI - *****************Checking Response Time*********************
2023-01-25 13:29:08,796 [main] INFO EmployeesRestAPI - Response Time is==> 1132
2023-01-25 13:29:08,801 [main] INFO EmployeesRestAPI - *****************Checking Server Type*********************
2023-01-25 13:29:08,801 [main] INFO EmployeesRestAPI - Server Type is ==> cloudflare
2023-01-25 13:29:08,804 [main] INFO EmployeesRestAPI - *****************Checking Status Code*********************
2023-01-25 13:29:08,805 [main] INFO EmployeesRestAPI - Status Code==> 200
2023-01-25 13:29:08,807 [main] INFO EmployeesRestAPI - *****************Checking Status Line*********************
2023-01-25 13:29:08,809 [main] INFO EmployeesRestAPI - Status Line is==> HTTP/1.1 200 OK
2023-01-25 13:29:08,818 [main] INFO EmployeesRestAPI - *****************Finished TC001_Get_List_of_User*********************
2023-01-25 13:29:08,828 [main] INFO EmployeesRestAPI - *****************Started TC002_Post_User_Details*********************
2023-01-25 13:29:12,358 [main] INFO EmployeesRestAPI - *****************Checking Content Type*********************
2023-01-25 13:29:12,359 [main] INFO EmployeesRestAPI - Content type is ==> application/json; charset=utf-8
2023-01-25 13:29:12,366 [main] INFO EmployeesRestAPI - *****************Checking Response Time*********************
2023-01-25 13:29:12,370 [main] INFO EmployeesRestAPI - Response Time is==> 448
2023-01-25 13:29:12,373 [main] INFO EmployeesRestAPI - *****************Checking Server Type*********************
2023-01-25 13:29:12,374 [main] INFO EmployeesRestAPI - Server Type is ==> cloudflare
2023-01-25 13:29:12,383 [main] INFO EmployeesRestAPI - *****************Checking Status Code*********************
2023-01-25 13:29:12,384 [main] INFO EmployeesRestAPI - Status Code==> 201
2023-01-25 13:29:12,386 [main] INFO EmployeesRestAPI - *****************Checking Status Line*********************
2023-01-25 13:29:12,388 [main] INFO EmployeesRestAPI - Status Line is==> HTTP/1.1 201 Created
2023-01-25 13:29:12,394 [main] INFO EmployeesRestAPI - *****************Checking Success Code*********************
2023-01-25 13:29:14,894 [main] INFO EmployeesRestAPI - Success Code ==> JohnY
2023-01-25 13:29:14,922 [main] INFO EmployeesRestAPI - *****************Finished TC002_Post_User_Details*********************
2023-01-25 13:29:14,940 [main] INFO EmployeesRestAPI - *****************Started TC003_Get_Single_User_Details*********************
2023-01-25 13:29:18,142 [main] INFO EmployeesRestAPI - *****************Checking Content Encoding*********************
2023-01-25 13:29:18,142 [main] INFO EmployeesRestAPI - Content-Encoding is ==> gzip
2023-01-25 13:29:18,144 [main] INFO EmployeesRestAPI - *****************Checking Content Length*********************
2023-01-25 13:29:18,145 [main] INFO EmployeesRestAPI - Content-Length is ==> null
2023-01-25 13:29:18,149 [main] INFO EmployeesRestAPI - *****************Checking Content Type*********************
2023-01-25 13:29:18,150 [main] INFO EmployeesRestAPI - Content type is ==> application/json; charset=utf-8
2023-01-25 13:29:18,152 [main] INFO EmployeesRestAPI - *****************Checking Response Body*********************
2023-01-25 13:29:18,154 [main] INFO EmployeesRestAPI - Response Body==> {"data":{"id":2,"email":"janet.weaver@reqres.in","first_name":"Janet","last_name":"Weaver","avatar":"https://reqres.in/img/faces/2-image.jpg"},"support":{"url":"https://reqres.in/#support-heading","text":"To keep ReqRes free, contributions towards server costs are appreciated!"}}
2023-01-25 13:29:18,156 [main] INFO EmployeesRestAPI - *****************Checking Response Time*********************
2023-01-25 13:29:18,157 [main] INFO EmployeesRestAPI - Response Time is==> 180
2023-01-25 13:29:18,160 [main] INFO EmployeesRestAPI - *****************Checking Server Type*********************
2023-01-25 13:29:18,160 [main] INFO EmployeesRestAPI - Server Type is ==> cloudflare
2023-01-25 13:29:18,162 [main] INFO EmployeesRestAPI - *****************Checking Status Code*********************
2023-01-25 13:29:18,164 [main] INFO EmployeesRestAPI - Status Code==> 200
2023-01-25 13:29:18,166 [main] INFO EmployeesRestAPI - *****************Checking Status Line*********************
2023-01-25 13:29:18,166 [main] INFO EmployeesRestAPI - Status Line is==> HTTP/1.1 200 OK
2023-01-25 13:29:18,169 [main] INFO EmployeesRestAPI - *****************Finished TC003_Get_Single_User_Details*********************
2023-01-25 13:29:18,187 [main] INFO EmployeesRestAPI - *****************Started TC004_Update_User_Details*********************
2023-01-25 13:29:21,574 [main] INFO EmployeesRestAPI - *****************Checking Content Type*********************
2023-01-25 13:29:21,576 [main] INFO EmployeesRestAPI - Content type is ==> application/json; charset=utf-8
2023-01-25 13:29:21,594 [main] INFO EmployeesRestAPI - *****************Checking Response Time*********************
2023-01-25 13:29:21,595 [main] INFO EmployeesRestAPI - Response Time is==> 363
2023-01-25 13:29:21,600 [main] INFO EmployeesRestAPI - *****************Checking Server Type*********************
2023-01-25 13:29:21,601 [main] INFO EmployeesRestAPI - Server Type is ==> cloudflare
2023-01-25 13:29:21,604 [main] INFO EmployeesRestAPI - *****************Checking Status Code*********************
2023-01-25 13:29:21,605 [main] INFO EmployeesRestAPI - Status Code==> 200
2023-01-25 13:29:21,607 [main] INFO EmployeesRestAPI - *****************Checking Status Line*********************
2023-01-25 13:29:21,607 [main] INFO EmployeesRestAPI - Status Line is==> HTTP/1.1 200 OK
2023-01-25 13:29:21,609 [main] INFO EmployeesRestAPI - *****************Checking Success Code*********************
2023-01-25 13:29:21,628 [main] INFO EmployeesRestAPI - Success Code ==> JohnM
2023-01-25 13:29:21,645 [main] INFO EmployeesRestAPI - *****************Finished TC004_Update_User_Details*********************
2023-01-25 13:29:21,650 [main] INFO EmployeesRestAPI - *****************Started TC005_Delete_First_User*********************
2023-01-25 13:29:25,369 [main] INFO EmployeesRestAPI - *****************Checking Response Time*********************
2023-01-25 13:29:25,371 [main] INFO EmployeesRestAPI - Response Time is==> 376
2023-01-25 13:29:25,373 [main] INFO EmployeesRestAPI - *****************Checking Server Type*********************
2023-01-25 13:29:25,374 [main] INFO EmployeesRestAPI - Server Type is ==> cloudflare
2023-01-25 13:29:25,375 [main] INFO EmployeesRestAPI - *****************Checking Status Code*********************
2023-01-25 13:29:25,376 [main] INFO EmployeesRestAPI - Status Code==> 204
2023-01-25 13:29:25,388 [main] INFO EmployeesRestAPI - *****************Checking Status Line*********************
2023-01-25 13:29:25,388 [main] INFO EmployeesRestAPI - Status Line is==> HTTP/1.1 204 No Content
2023-01-25 13:29:25,391 [main] INFO EmployeesRestAPI - *****************Finished TC005_Delete_First_User*********************
